AndEngineLibrary/build/outputs/logs/manifest-merger-debug-report.txt
-- Merging decision tree log ---
manifest
ADDED from AndEngineProject/AndEngineLibrary/AndroidManifest.xml:2:1-12:12
INJECTED from AndEngineProject/AndEngineLibrary/AndroidManifest.xml:2:1-12:12
INJECTED from AndEngineProject/AndEngineLibrary/AndroidManifest.xml:2:1-12:12
INJECTED from AndEngineProject/AndEngineLibrary/AndroidManifest.xml:2:1-12:12
INJECTED from AndEngineProject/AndEngineLibrary/AndroidManifest.xml:2:1-12:12
INJECTED from AndEngineProject/AndEngineLibrary/AndroidManifest.xml:2:1-12:12
INJECTED from AndEngineProject/AndEngineLibrary/AndroidManifest.xml:2:1-12:12
	package
		ADDED from AndEngineProject/AndEngineLibrary/AndroidManifest.xml:3:2-25
		INJECTED from AndEngineProject/AndEngineLibrary/AndroidManifest.xml
		INJECTED from AndEngineProject/AndEngineLibrary/AndroidManifest.xml
	android:versionName
		ADDED from AndEngineProject/AndEngineLibrary/AndroidManifest.xml:5:2-27
		INJECTED from AndEngineProject/AndEngineLibrary/AndroidManifest.xml
		INJECTED from AndEngineProject/AndEngineLibrary/AndroidManifest.xml
	xmlns:android
		ADDED from AndEngineProject/AndEngineLibrary/AndroidManifest.xml:2:11-69
	android:versionCode
		ADDED from AndEngineProject/AndEngineLibrary/AndroidManifest.xml:4:2-25
		INJECTED from AndEngineProject/AndEngineLibrary/AndroidManifest.xml
		INJECTED from AndEngineProject/AndEngineLibrary/AndroidManifest.xml
uses-feature#0x00020000
ADDED from AndEngineProject/AndEngineLibrary/AndroidManifest.xml:7:2-74
	android:glEsVersion
		ADDED from AndEngineProject/AndEngineLibrary/AndroidManifest.xml:7:16-48
	android:required
		ADDED from AndEngineProject/AndEngineLibrary/AndroidManifest.xml:7:49-72
application
ADDED from AndEngineProject/AndEngineLibrary/AndroidManifest.xml:11:2-17
uses-sdk
INJECTED from AndEngineProject/AndEngineLibrary/AndroidManifest.xml reason: use-sdk injection requested
INJECTED from AndEngineProject/AndEngineLibrary/AndroidManifest.xml
INJECTED from AndEngineProject/AndEngineLibrary/AndroidManifest.xml
INJECTED from AndEngineProject/AndEngineLibrary/AndroidManifest.xml
INJECTED from AndEngineProject/AndEngineLibrary/AndroidManifest.xml
	android:targetSdkVersion
		INJECTED from AndEngineProject/AndEngineLibrary/AndroidManifest.xml
		ADDED from AndEngineProject/AndEngineLibrary/AndroidManifest.xml
		INJECTED from AndEngineProject/AndEngineLibrary/AndroidManifest.xml
	android:minSdkVersion
		INJECTED from AndEngineProject/AndEngineLibrary/AndroidManifest.xml
		ADDED from AndEngineProject/AndEngineLibrary/AndroidManifest.xml
		INJECTED from AndEngineProject/AndEngineLibrary/AndroidManifest.xml